
12月 27, 2022 09:01:10.740 NEW SESSION
12月 27, 2022 09:01:10.740 [268:2304:1227/090110.734:ERROR:device_event_log_impl.cc(215)] [09:01:10.739] USB: usb_device_handle_win.cc:1045 Failed to read descriptor from node connection: 連結到系統的某個裝置失去作用。 (0x1F)
12月 27, 2022 09:01:10.741 [268:2304:1227/090110.741:ERROR:device_event_log_impl.cc(215)] [09:01:10.743] USB: usb_device_handle_win.cc:1045 Failed to read descriptor from node connection: 連結到系統的某個裝置失去作用。 (0x1F)
12月 27, 2022 09:01:10.741 [268:2304:1227/090110.741:ERROR:device_event_log_impl.cc(215)] [09:01:10.743] USB: usb_device_handle_win.cc:1045 Failed to read descriptor from node connection: 連結到系統的某個裝置失去作用。 (0x1F)
12月 27, 2022 09:02:07.691 [268:11940:1227/090207.690:ERROR:util.cc(133)] Can't create base directory: C:\Program Files\Google\GoogleUpdater
12月 27, 2022 09:16:35.378 [268:2304:1227/091635.377:ERROR:device_event_log_impl.cc(215)] [09:16:35.377] USB: usb_service_win.cc:104 SetupDiGetDeviceProperty({{A45C254E-DF1C-4EFD-8020-67D146A850E0}, 6}) failed: 元素找不到。 (0x490)
12月 27, 2022 09:18:54.163 [268:2304:1227/091854.163:ERROR:CONSOLE(6)] "console.assert", source: devtools://devtools/bundled/devtools-frontend/front_end/panels/console/console.js (6)
12月 27, 2022 09:18:54.163 [268:2304:1227/091854.163:ERROR:CONSOLE(6)] "console.assert", source: devtools://devtools/bundled/devtools-frontend/front_end/panels/console/console.js (6)
12月 27, 2022 09:18:54.163 [268:2304:1227/091854.163:ERROR:CONSOLE(6)] "console.assert", source: devtools://devtools/bundled/devtools-frontend/front_end/panels/console/console.js (6)
12月 27, 2022 09:18:54.163 [268:2304:1227/091854.163:ERROR:CONSOLE(6)] "console.assert", source: devtools://devtools/bundled/devtools-frontend/front_end/panels/console/console.js (6)
12月 27, 2022 09:18:54.163 [268:2304:1227/091854.163:ERROR:CONSOLE(6)] "console.assert", source: devtools://devtools/bundled/devtools-frontend/front_end/panels/console/console.js (6)
12月 27, 2022 09:18:54.164 [268:2304:1227/091854.163:ERROR:CONSOLE(6)] "console.assert", source: devtools://devtools/bundled/devtools-frontend/front_end/panels/console/console.js (6)
12月 27, 2022 09:18:54.164 [268:2304:1227/091854.163:ERROR:CONSOLE(6)] "console.assert", source: devtools://devtools/bundled/devtools-frontend/front_end/panels/console/console.js (6)
12月 27, 2022 09:18:54.164 [268:2304:1227/091854.163:ERROR:CONSOLE(6)] "console.assert", source: devtools://devtools/bundled/devtools-frontend/front_end/panels/console/console.js (6)
12月 27, 2022 09:18:54.165 [268:2304:1227/091854.163:ERROR:CONSOLE(6)] "console.assert", source: devtools://devtools/bundled/devtools-frontend/front_end/panels/console/console.js (6)
12月 27, 2022 09:18:54.165 [268:2304:1227/091854.163:ERROR:CONSOLE(6)] "console.assert", source: devtools://devtools/bundled/devtools-frontend/front_end/panels/console/console.js (6)
12月 27, 2022 09:18:54.166 [268:2304:1227/091854.163:ERROR:CONSOLE(6)] "console.assert", source: devtools://devtools/bundled/devtools-frontend/front_end/panels/console/console.js (6)
12月 27, 2022 09:18:54.166 [268:2304:1227/091854.163:ERROR:CONSOLE(6)] "console.assert", source: devtools://devtools/bundled/devtools-frontend/front_end/panels/console/console.js (6)
12月 27, 2022 09:18:54.167 [268:2304:1227/091854.163:ERROR:CONSOLE(6)] "console.assert", source: devtools://devtools/bundled/devtools-frontend/front_end/panels/console/console.js (6)
12月 27, 2022 09:18:54.167 [268:2304:1227/091854.163:ERROR:CONSOLE(6)] "console.assert", source: devtools://devtools/bundled/devtools-frontend/front_end/panels/console/console.js (6)
12月 27, 2022 09:18:54.168 [268:2304:1227/091854.163:ERROR:CONSOLE(6)] "console.assert", source: devtools://devtools/bundled/devtools-frontend/front_end/panels/console/console.js (6)
12月 27, 2022 09:18:54.168 [268:2304:1227/091854.163:ERROR:CONSOLE(6)] "console.assert", source: devtools://devtools/bundled/devtools-frontend/front_end/panels/console/console.js (6)
12月 27, 2022 09:18:54.169 [268:2304:1227/091854.163:ERROR:CONSOLE(6)] "console.assert", source: devtools://devtools/bundled/devtools-frontend/front_end/panels/console/console.js (6)
12月 27, 2022 09:18:54.169 [268:2304:1227/091854.163:ERROR:CONSOLE(6)] "console.assert", source: devtools://devtools/bundled/devtools-frontend/front_end/panels/console/console.js (6)
12月 27, 2022 09:19:10.910 [268:2304:1227/091910.910:ERROR:CONSOLE(6)] "console.assert", source: devtools://devtools/bundled/devtools-frontend/front_end/panels/console/console.js (6)
12月 27, 2022 09:19:10.911 [268:2304:1227/091910.910:ERROR:CONSOLE(6)] "console.assert", source: devtools://devtools/bundled/devtools-frontend/front_end/panels/console/console.js (6)
12月 27, 2022 09:19:10.911 [268:2304:1227/091910.910:ERROR:CONSOLE(6)] "console.assert", source: devtools://devtools/bundled/devtools-frontend/front_end/panels/console/console.js (6)
12月 27, 2022 09:19:10.911 [268:2304:1227/091910.910:ERROR:CONSOLE(6)] "console.assert", source: devtools://devtools/bundled/devtools-frontend/front_end/panels/console/console.js (6)
12月 27, 2022 09:19:10.911 [268:2304:1227/091910.910:ERROR:CONSOLE(6)] "console.assert", source: devtools://devtools/bundled/devtools-frontend/front_end/panels/console/console.js (6)
12月 27, 2022 09:19:10.911 [268:2304:1227/091910.910:ERROR:CONSOLE(6)] "console.assert", source: devtools://devtools/bundled/devtools-frontend/front_end/panels/console/console.js (6)
12月 27, 2022 09:19:10.911 [268:2304:1227/091910.910:ERROR:CONSOLE(6)] "console.assert", source: devtools://devtools/bundled/devtools-frontend/front_end/panels/console/console.js (6)
12月 27, 2022 09:19:10.911 [268:2304:1227/091910.910:ERROR:CONSOLE(6)] "console.assert", source: devtools://devtools/bundled/devtools-frontend/front_end/panels/console/console.js (6)
12月 27, 2022 09:19:10.911 [268:2304:1227/091910.910:ERROR:CONSOLE(6)] "console.assert", source: devtools://devtools/bundled/devtools-frontend/front_end/panels/console/console.js (6)
12月 27, 2022 09:19:10.911 [268:2304:1227/091910.910:ERROR:CONSOLE(6)] "console.assert", source: devtools://devtools/bundled/devtools-frontend/front_end/panels/console/console.js (6)
12月 27, 2022 09:19:10.911 [268:2304:1227/091910.910:ERROR:CONSOLE(6)] "console.assert", source: devtools://devtools/bundled/devtools-frontend/front_end/panels/console/console.js (6)
12月 27, 2022 09:19:10.912 [268:2304:1227/091910.910:ERROR:CONSOLE(6)] "console.assert", source: devtools://devtools/bundled/devtools-frontend/front_end/panels/console/console.js (6)
12月 27, 2022 09:19:10.912 [268:2304:1227/091910.910:ERROR:CONSOLE(6)] "console.assert", source: devtools://devtools/bundled/devtools-frontend/front_end/panels/console/console.js (6)
12月 27, 2022 09:19:10.912 [268:2304:1227/091910.910:ERROR:CONSOLE(6)] "console.assert", source: devtools://devtools/bundled/devtools-frontend/front_end/panels/console/console.js (6)
12月 27, 2022 09:19:10.912 [268:2304:1227/091910.910:ERROR:CONSOLE(6)] "console.assert", source: devtools://devtools/bundled/devtools-frontend/front_end/panels/console/console.js (6)
12月 27, 2022 09:19:10.912 [268:2304:1227/091910.910:ERROR:CONSOLE(6)] "console.assert", source: devtools://devtools/bundled/devtools-frontend/front_end/panels/console/console.js (6)
12月 27, 2022 09:19:10.913 [268:2304:1227/091910.910:ERROR:CONSOLE(6)] "console.assert", source: devtools://devtools/bundled/devtools-frontend/front_end/panels/console/console.js (6)
12月 27, 2022 09:19:10.913 [268:2304:1227/091910.910:ERROR:CONSOLE(6)] "console.assert", source: devtools://devtools/bundled/devtools-frontend/front_end/panels/console/console.js (6)
12月 27, 2022 09:19:10.914 [268:2304:1227/091910.910:ERROR:CONSOLE(6)] "console.assert", source: devtools://devtools/bundled/devtools-frontend/front_end/panels/console/console.js (6)
12月 27, 2022 09:19:10.914 [268:2304:1227/091910.910:ERROR:CONSOLE(6)] "console.assert", source: devtools://devtools/bundled/devtools-frontend/front_end/panels/console/console.js (6)
12月 27, 2022 09:19:10.914 [268:2304:1227/091910.910:ERROR:CONSOLE(6)] "console.assert", source: devtools://devtools/bundled/devtools-frontend/front_end/panels/console/console.js (6)
12月 27, 2022 09:19:10.914 [268:2304:1227/091910.910:ERROR:CONSOLE(6)] "console.assert", source: devtools://devtools/bundled/devtools-frontend/front_end/panels/console/console.js (6)
12月 27, 2022 09:19:10.914 [268:2304:1227/091910.910:ERROR:CONSOLE(6)] "console.assert", source: devtools://devtools/bundled/devtools-frontend/front_end/panels/console/console.js (6)
12月 27, 2022 09:19:10.970 [268:2304:1227/091910.969:ERROR:CONSOLE(6)] "console.assert", source: devtools://devtools/bundled/devtools-frontend/front_end/panels/console/console.js (6)
12月 27, 2022 09:19:10.971 [268:2304:1227/091910.969:ERROR:CONSOLE(6)] "console.assert", source: devtools://devtools/bundled/devtools-frontend/front_end/panels/console/console.js (6)
12月 27, 2022 09:19:10.971 [268:2304:1227/091910.969:ERROR:CONSOLE(6)] "console.assert", source: devtools://devtools/bundled/devtools-frontend/front_end/panels/console/console.js (6)
12月 27, 2022 09:19:10.971 [268:2304:1227/091910.969:ERROR:CONSOLE(6)] "console.assert", source: devtools://devtools/bundled/devtools-frontend/front_end/panels/console/console.js (6)
12月 27, 2022 09:19:10.971 [268:2304:1227/091910.969:ERROR:CONSOLE(6)] "console.assert", source: devtools://devtools/bundled/devtools-frontend/front_end/panels/console/console.js (6)
12月 27, 2022 09:19:10.971 [268:2304:1227/091910.970:ERROR:CONSOLE(6)] "console.assert", source: devtools://devtools/bundled/devtools-frontend/front_end/panels/console/console.js (6)
12月 27, 2022 09:19:10.971 [268:2304:1227/091910.970:ERROR:CONSOLE(6)] "console.assert", source: devtools://devtools/bundled/devtools-frontend/front_end/panels/console/console.js (6)
12月 27, 2022 09:19:10.972 [268:2304:1227/091910.970:ERROR:CONSOLE(6)] "console.assert", source: devtools://devtools/bundled/devtools-frontend/front_end/panels/console/console.js (6)
12月 27, 2022 09:19:10.972 [268:2304:1227/091910.970:ERROR:CONSOLE(6)] "console.assert", source: devtools://devtools/bundled/devtools-frontend/front_end/panels/console/console.js (6)
12月 27, 2022 09:19:10.972 [268:2304:1227/091910.970:ERROR:CONSOLE(6)] "console.assert", source: devtools://devtools/bundled/devtools-frontend/front_end/panels/console/console.js (6)
12月 27, 2022 09:19:10.972 [268:2304:1227/091910.970:ERROR:CONSOLE(6)] "console.assert", source: devtools://devtools/bundled/devtools-frontend/front_end/panels/console/console.js (6)
12月 27, 2022 09:19:10.972 [268:2304:1227/091910.970:ERROR:CONSOLE(6)] "console.assert", source: devtools://devtools/bundled/devtools-frontend/front_end/panels/console/console.js (6)
12月 27, 2022 09:19:10.972 [268:2304:1227/091910.970:ERROR:CONSOLE(6)] "console.assert", source: devtools://devtools/bundled/devtools-frontend/front_end/panels/console/console.js (6)
12月 27, 2022 09:19:10.972 [268:2304:1227/091910.970:ERROR:CONSOLE(6)] "console.assert", source: devtools://devtools/bundled/devtools-frontend/front_end/panels/console/console.js (6)
12月 27, 2022 09:19:10.973 [268:2304:1227/091910.970:ERROR:CONSOLE(6)] "console.assert", source: devtools://devtools/bundled/devtools-frontend/front_end/panels/console/console.js (6)
12月 27, 2022 09:19:10.973 [268:2304:1227/091910.970:ERROR:CONSOLE(6)] "console.assert", source: devtools://devtools/bundled/devtools-frontend/front_end/panels/console/console.js (6)
12月 27, 2022 09:19:10.973 [268:2304:1227/091910.970:ERROR:CONSOLE(6)] "console.assert", source: devtools://devtools/bundled/devtools-frontend/front_end/panels/console/console.js (6)
12月 27, 2022 09:19:10.973 [268:2304:1227/091910.970:ERROR:CONSOLE(6)] "console.assert", source: devtools://devtools/bundled/devtools-frontend/front_end/panels/console/console.js (6)
12月 27, 2022 09:19:10.973 [268:2304:1227/091910.970:ERROR:CONSOLE(6)] "console.assert", source: devtools://devtools/bundled/devtools-frontend/front_end/panels/console/console.js (6)
12月 27, 2022 09:19:10.973 [268:2304:1227/091910.970:ERROR:CONSOLE(6)] "console.assert", source: devtools://devtools/bundled/devtools-frontend/front_end/panels/console/console.js (6)
12月 27, 2022 09:19:10.973 [268:2304:1227/091910.970:ERROR:CONSOLE(6)] "console.assert", source: devtools://devtools/bundled/devtools-frontend/front_end/panels/console/console.js (6)
12月 27, 2022 09:19:10.974 [268:2304:1227/091910.970:ERROR:CONSOLE(6)] "console.assert", source: devtools://devtools/bundled/devtools-frontend/front_end/panels/console/console.js (6)
12月 27, 2022 09:19:10.974 [268:2304:1227/091910.970:ERROR:CONSOLE(6)] "console.assert", source: devtools://devtools/bundled/devtools-frontend/front_end/panels/console/console.js (6)
12月 27, 2022 09:19:10.974 [268:2304:1227/091910.970:ERROR:CONSOLE(6)] "console.assert", source: devtools://devtools/bundled/devtools-frontend/front_end/panels/console/console.js (6)
12月 27, 2022 09:19:10.974 [268:2304:1227/091910.970:ERROR:CONSOLE(6)] "console.assert", source: devtools://devtools/bundled/devtools-frontend/front_end/panels/console/console.js (6)
12月 27, 2022 09:19:10.974 [268:2304:1227/091910.970:ERROR:CONSOLE(6)] "console.assert", source: devtools://devtools/bundled/devtools-frontend/front_end/panels/console/console.js (6)
12月 27, 2022 09:19:10.974 [268:2304:1227/091910.970:ERROR:CONSOLE(6)] "console.assert", source: devtools://devtools/bundled/devtools-frontend/front_end/panels/console/console.js (6)
12月 27, 2022 09:19:10.974 [268:2304:1227/091910.970:ERROR:CONSOLE(6)] "console.assert", source: devtools://devtools/bundled/devtools-frontend/front_end/panels/console/console.js (6)
12月 27, 2022 09:19:10.974 [268:2304:1227/091910.970:ERROR:CONSOLE(6)] "console.assert", source: devtools://devtools/bundled/devtools-frontend/front_end/panels/console/console.js (6)
12月 27, 2022 10:58:19.664 [libprotobuf ERROR ..\..\third_party\protobuf\src\google\protobuf\message_lite.cc:133] Can't parse message of type "safe_browsing.ClientDownloadRequest" because it is missing required fields: (cannot determine missing fields for lite message)
